DateStamp= 2019-05-09T17:48, Name= Celio Augusto dos Santos Souza,  Email= celioaugusto@msn.com, Celular = 1158125574
, Mensagem = 9 DateStamp= 2019-05-09T18:00, Name= Celio Augusto dos Santos Souza,  Email= celioaugusto@msn.com, Celular = 1158125574
, Mensagem = q DateStamp= 2019-05-09T18:02, Name= Celio Augusto dos Santos Souza,  Email= celioaugusto@msn.com, Celular = 1158125574
, Mensagem = e DateStamp= 2019-05-09T18:03, Name= Maria Candida dos Santos Souza Juscelino Soares de Souza,  Email= celioaugusto@msn.com, Celular = 11984455777
, Mensagem = 88 DateStamp= 2019-05-09T18:04, Name= CELIO AUGUSTO DOS SANTOS SOUZA,  Email= celioaugustoss@gmail.com, Celular = 1184608608
, Mensagem = y DateStamp= 2019-05-09T18:06, Name= CELIO AUGUSTO DOS SANTOS SOUZA,  Email= celioaugustoss@gmail.com, Celular = 1184608608
, Mensagem = k DateStamp= 2019-05-09T18:06, Name= CELIO AUGUSTO DOS SANTOS SOUZA,  Email= celioaugustoss@gmail.com, Celular = 1184608608
, Mensagem = p DateStamp= 2019-05-09T18:14, Name= CELIO AUGUSTO DOS SANTOS SOUZA,  Email= celioaugustoss@gmail.com, Celular = 1184608608
, Mensagem = 9+ DateStamp= 2019-05-09T18:16, Name= Celio Augusto dos Santos Souza,  Email= celioaugusto@msn.com, Celular = 1158125574
, Mensagem = 99 DateStamp= 2019-05-09T18:19, Name= Celio Augusto dos Santos Souza,  Email= celioaugusto@msn.com, Celular = 1158125574
, Mensagem = 5 DateStamp= 2019-05-09T18:19, Name= Celio Augusto dos Santos Souza,  Email= celioaugusto@msn.com, Celular = 1158125574
, Mensagem = 5 DateStamp= 2019-05-09T18:21, Name= Celio Augusto dos Santos Souza,  Email= celioaugusto@msn.com, Celular = 1158125574
, Mensagem = w DateStamp= 2019-05-09T18:28, Name= Celio Augusto dos Santos Souza,  Email= celioaugusto@msn.com, Celular = 1158125574
, Mensagem = 65 DateStamp= 2019-05-09T18:32, Name= Celio Augusto dos Santos Souza,  Email= celioaugusto@msn.com, Celular = 1158125574
, Mensagem = as DateStamp= 2019-05-09T18:43, Name= Celio Augusto dos Santos Souza,  Email= celioaugusto@msn.com, Celular = 1158125574
, Mensagem = u DateStamp= 2019-05-09T18:44, Name= Celio Augusto dos Santos Souza,  Email= celioaugusto@msn.com, Celular = 1158125574
, Mensagem = d DateStamp= 2019-05-09T18:47, Name= Celio Augusto dos Santos Souza,  Email= celioaugusto@msn.com, Celular = 1158125574
, Mensagem = 6 DateStamp= 2019-05-09T18:57, Name= Celio Augusto dos Santos Souza,  Email= celioaugusto@msn.com, Celular = 1158125574
, Mensagem = sqw DateStamp= 2019-05-10T16:13, Name= Celio Augusto dos Santos Souza,  Email= celioaugusto@msn.com, Celular = 1158125574
, Mensagem = i DateStamp= 2019-05-10T17:19, Name= Celio Augusto dos Santos Souza,  Email= celioaugusto@msn.com, Celular = 1158125574
, Mensagem = íu DateStamp= 2019-05-10T17:25, Name= Celio Augusto dos Santos Souza,  Email= celioaugusto@msn.com, Celular = 1158125574
, Mensagem = 33 DateStamp= 2019-05-10T17:33, Name= Celio Augusto dos Santos Souza,  Email= celioaugusto@msn.com, Celular = 1158125574
, Mensagem = a DateStamp= 2019-05-10T17:35, Name= Celio Augusto dos Santos Souza,  Email= celioaugusto@msn.com, Celular = 1158125574
, Mensagem = rtert DateStamp= 2019-05-10T17:58, Name= Celio Augusto dos Santos Souza,  Email= celioaugusto@msn.com, Celular = 1158125574
, Mensagem = i DateStamp= 2019-05-10T18:02, Name= Celio Augusto dos Santos Souza,  Email= celioaugusto@msn.com, Celular = 1158125574
, Mensagem = a DateStamp= 2019-05-10T18:07, Name= Celio Augusto dos Santos Souza,  Email= celioaugusto@msn.com, Celular = 1158125574
, Mensagem = 88 DateStamp= 2019-05-10T18:31, Name= Celio Augusto dos Santos Souza,  Email= celioaugusto@msn.com, Celular = 1158125574
, Mensagem = q 